Sleeping for  1800
Sleeping for  1800
Sleeping for  1800
Sleeping for  1800
Sleeping for  1800
Sleeping for  1800
Sleeping for  1800
Sleeping for  1800
Sleeping for  1800
Sleeping for  1800
Sleeping for  1800
Sleeping for  1800
Sleeping for  1800
Sleeping for  1800
Sleeping for  1800
Sleeping for  1800
Sleeping for  1800
Sleeping for  1800
Sleeping for  1800
Sleeping for  1800
Sleeping for  1800
Sleeping for  1800
Sleeping for  1800
Sleeping for  1800
Sleeping for  1800
Sleeping for  1800
Sleeping for  1800
Sleeping for  1800
Sleeping for  1800
Sleeping for  1800
Sleeping for  1800
2018-07-16 18:34:29.287 java[4102:340086] CVDisplayLinkCreateWithActiveCGDisplays error: -6661
2018-07-16 18:34:29.287 java[4102:340086] CVDisplayLinkSetCurrentCGDisplay error: -6661
2018-07-16 18:34:29.287 java[4102:340086] CVDisplayLinkSetOutputCallback error: -6661
2018-07-16 18:34:29.287 java[4102:340086] CVDisplayLinkStart error: -6661
Sleeping for  1800
Sleeping for  1800
